<?xml version="1.0" encoding="UTF-8"?>
<!-- Generated by org.testng.reporters.JUnitReportReporter -->
<testsuite name="com.CRM.testcases.HomePageTest" tests="3" time="67.234" ignored="0" failures="0" timestamp="02 Jun 2018 07:13:27 GMT" skipped="0" hostname="HOME-PC" errors="0">
  <testcase name="homePageTitleTest" time="24.710" classname="com.CRM.testcases.HomePageTest"/>
  <testcase name="userNameTest" time="19.926" classname="com.CRM.testcases.HomePageTest"/>
  <testcase name="contactsLinkTest" time="22.598" classname="com.CRM.testcases.HomePageTest"/>
</testsuite> <!-- com.CRM.testcases.HomePageTest -->
