<?xml version="1.0" encoding="UTF-8"?>
<!-- Generated by org.testng.reporters.JUnitReportReporter -->
<testsuite name="com.CRM.testcases.LoginPageTest" tests="3" time="54.777" ignored="0" failures="0" timestamp="02 Jun 2018 07:13:27 GMT" skipped="0" hostname="HOME-PC" errors="0">
  <testcase name="crmLogoTest" time="13.028" classname="com.CRM.testcases.LoginPageTest"/>
  <testcase name="loginPageTitleTest" time="15.965" classname="com.CRM.testcases.LoginPageTest"/>
  <testcase name="loginTest" time="25.784" classname="com.CRM.testcases.LoginPageTest"/>
</testsuite> <!-- com.CRM.testcases.LoginPageTest -->
